<?xml version="1.0" encoding="utf-8"?><testsuites name="pytest tests"><testsuite name="pytest" errors="0" failures="0" skipped="0" tests="11" time="1.412" timestamp="2026-07-11T23:44:17.251056+00:00" hostname="agent-env-61bd8434-12f4-487b-9b34-32ddcafa4c42"><testcase classname="tests.backend_test" name="test_root" time="0.319" /><testcase classname="tests.backend_test" name="test_questions" time="0.050" /><testcase classname="tests.backend_test" name="test_diagnostic_full" time="0.056" /><testcase classname="tests.backend_test" name="test_diagnostic_low" time="0.054" /><testcase classname="tests.backend_test" name="test_diagnostic_invalid_value" time="0.050" /><testcase classname="tests.backend_test" name="test_diagnostic_missing" time="0.050" /><testcase classname="tests.backend_test" name="test_get_diagnostic" time="0.105" /><testcase classname="tests.backend_test" name="test_get_diagnostic_404" time="0.051" /><testcase classname="tests.backend_test" name="test_lead_create" time="0.067" /><testcase classname="tests.backend_test" name="test_lead_bad_diagnostic" time="0.051" /><testcase classname="tests.backend_test" name="test_leads_list" time="0.051" /></testsuite></testsuites>