<?xml version="1.0" encoding="utf-8"?><testsuites name="pytest tests"><testsuite name="pytest" errors="0" failures="0" skipped="0" tests="35" time="3.989" timestamp="2026-07-12T01:13:30.989084+00:00" hostname="agent-env-61bd8434-12f4-487b-9b34-32ddcafa4c42"><testcase classname="tests.test_pontiscore_api" name="test_root" time="0.173" /><testcase classname="tests.backend_test" name="test_root" time="0.130" /><testcase classname="tests.backend_test" name="test_questions" time="0.051" /><testcase classname="tests.test_pontiscore_api" name="test_questions" time="0.093" /><testcase classname="tests.backend_test" name="test_diagnostic_full" time="0.050" /><testcase classname="tests.backend_test" name="test_diagnostic_low" time="0.051" /><testcase classname="tests.test_pontiscore_api" name="test_diagnostic_all_sim" time="0.136" /><testcase classname="tests.backend_test" name="test_diagnostic_invalid_value" time="0.056" /><testcase classname="tests.backend_test" name="test_diagnostic_missing" time="0.048" /><testcase classname="tests.test_pontiscore_api" name="test_diagnostic_all_nao" time="0.094" /><testcase classname="tests.backend_test" name="test_get_diagnostic" time="0.097" /><testcase classname="tests.backend_test" name="test_get_diagnostic_404" time="0.046" /><testcase classname="tests.test_pontiscore_api" name="test_get_diagnostic_persist" time="0.353" /><testcase classname="tests.backend_test" name="test_lead_create" time="0.171" /><testcase classname="tests.backend_test" name="test_lead_privacy_rejected" time="0.043" /><testcase classname="tests.backend_test" name="test_lead_bad_diagnostic" time="0.043" /><testcase classname="tests.backend_test" name="test_leads_list" time="0.050" /><testcase classname="tests.test_editorial_pt" name="test_questions_diacritics" time="0.101" /><testcase classname="tests.test_pontiscore_api" name="test_lead_and_404" time="0.540" /><testcase classname="tests.test_editorial_pt" name="test_pillar_labels_diacritics" time="0.107" /><testcase classname="tests.test_editorial_pt" name="test_all_nao_tier_and_recommendations" time="0.157" /><testcase classname="tests.test_editorial_pt" name="test_all_sim_tier" time="0.097" /><testcase classname="tests.test_editorial_pt" name="test_intermediate_tier_strings" time="0.136" /><testcase classname="tests.test_pontiscore_api" name="test_leads_no_objectid" time="0.094" /><testcase classname="tests.test_editorial_pt" name="test_parcialmente_tier" time="0.116" /><testcase classname="tests.test_pontiscore_api" name="test_diagnostic_not_found" time="0.138" /><testcase classname="tests.test_rgpd" name="test_lead_privacy_false_returns_422_with_pt_message" time="0.232" /><testcase classname="tests.test_pontiscore_api" name="test_diagnostic_invalid_answer_value" time="0.100" /><testcase classname="tests.test_pontiscore_api" name="test_diagnostic_missing_answer" time="0.098" /><testcase classname="tests.test_rgpd" name="test_lead_privacy_missing_returns_422" time="0.237" /><testcase classname="tests.test_pdf_smoke" name="test_build_pdf_direct_no_exception" time="0.627" /><testcase classname="tests.test_rgpd" name="test_lead_privacy_true_persists_consent_fields" time="0.485" /><testcase classname="tests.test_pdf_smoke" name="test_lead_endpoint_runs_pdf_and_returns_email_sent_false" time="0.397" /><testcase classname="tests.test_rgpd" name="test_lead_marketing_defaults_false_when_omitted" time="0.436" /><testcase classname="tests.test_rgpd" name="test_leads_list_exposes_new_fields" time="0.410" /></testsuite></testsuites>